<?xml version="1.0" encoding="UTF-8"?>
<!-- Generated by org.testng.reporters.JUnitXMLReporter -->
<testsuite hostname="OSIT-L-0489" ignored="2" name="ClassTest" tests="1" failures="1" timestamp="05 Mar 2018 06:57:37 GMT" time="0.045" errors="0">
  <testcase name="test2" time="0.016" classname="sample.testng.SampleGroups">
    <failure type="java.lang.NullPointerException">
      <![CDATA[java.lang.NullPointerException
	at sample.testng.SampleGroups.test2(SampleGroups.java:30)
... Removed 25 stack frames]]>
    </failure>
  </testcase> <!-- test2 -->
  <testcase name="test3" time="0.0" classname="sample.testng.SampleGroups">
    <ignored/>
  </testcase> <!-- test3 -->
  <testcase name="test1" time="0.0" classname="sample.testng.SampleGroups">
    <ignored/>
  </testcase> <!-- test1 -->
</testsuite> <!-- ClassTest -->
